[19:08:04] [main/INFO]: Loading Minecraft 1.21.4 with Fabric Loader 0.16.14
[19:08:04] [main/INFO]: Loading 4 mods:
	- fabricloader 0.16.14
	   \-- mixinextras 0.4.1
	- java 21
	- minecraft 1.21.4
[19:08:04] [main/INFO]: SpongePowered MIXIN Subsystem Version=0.8.7 Source=file:/workspaces/campysklebg/servidor_minecraft/libraries/net/fabricmc/sponge-mixin/0.15.5+mixin.0.8.7/sponge-mixin-0.15.5+mixin.0.8.7.jar Service=Knot/Fabric Env=SERVER
[19:08:14] [main/INFO]: Environment: Environment[sessionHost=https://sessionserver.mojang.com, servicesHost=https://api.minecraftservices.com, name=PROD]
[19:08:16] [main/INFO]: No existing world data, creating new world
[19:08:17] [main/INFO]: Loaded 1370 recipes
[19:08:17] [main/INFO]: Loaded 1481 advancements
[19:08:18] [Server thread/INFO]: Starting minecraft server version 1.21.4
[19:08:18] [Server thread/INFO]: Loading properties
[19:08:18] [Server thread/INFO]: Default game type: SURVIVAL
[19:08:18] [Server thread/INFO]: Generating keypair
[19:08:18] [Server thread/INFO]: Starting Minecraft server on *:25565
[19:08:18] [Server thread/INFO]: Using epoll channel type
[19:08:18] [Server thread/WARN]: **** SERVER IS RUNNING IN OFFLINE/INSECURE MODE!
[19:08:18] [Server thread/WARN]: The server will make no attempt to authenticate usernames. Beware.
[19:08:18] [Server thread/WARN]: While this makes the game possible to play without internet access, it also opens up the ability for hackers to connect with any username they choose.
[19:08:18] [Server thread/WARN]: To change this, set "online-mode" to "true" in the server.properties file.
[19:08:18] [Server thread/INFO]: Preparing level "world"
[19:08:31] [Server thread/INFO]: Preparing start region for dimension minecraft:overworld
[19:08:31] [Worker-Main-1/INFO]: Preparing spawn area: 2%
[19:08:32] [Worker-Main-1/INFO]: Preparing spawn area: 2%
[19:08:32] [Worker-Main-1/INFO]: Preparing spawn area: 2%
[19:08:33] [Worker-Main-1/INFO]: Preparing spawn area: 2%
[19:08:33] [Worker-Main-1/INFO]: Preparing spawn area: 2%
[19:08:34] [Worker-Main-1/INFO]: Preparing spawn area: 2%
[19:08:34] [Worker-Main-1/INFO]: Preparing spawn area: 2%
[19:08:35] [Worker-Main-1/INFO]: Preparing spawn area: 2%
[19:08:35] [Worker-Main-1/INFO]: Preparing spawn area: 2%
[19:08:36] [Worker-Main-1/INFO]: Preparing spawn area: 2%
[19:08:36] [Worker-Main-1/INFO]: Preparing spawn area: 2%
[19:08:37] [Worker-Main-1/INFO]: Preparing spawn area: 2%
[19:08:37] [Worker-Main-1/INFO]: Preparing spawn area: 2%
[19:08:38] [Worker-Main-1/INFO]: Preparing spawn area: 2%
[19:08:38] [Worker-Main-1/INFO]: Preparing spawn area: 2%
[19:08:39] [Worker-Main-1/INFO]: Preparing spawn area: 2%
[19:08:39] [Worker-Main-1/INFO]: Preparing spawn area: 2%
[19:08:40] [Worker-Main-1/INFO]: Preparing spawn area: 2%
[19:08:40] [Worker-Main-1/INFO]: Preparing spawn area: 2%
[19:08:41] [Worker-Main-1/INFO]: Preparing spawn area: 2%
[19:08:41] [Worker-Main-1/INFO]: Preparing spawn area: 46%
[19:08:41] [Server thread/INFO]: Time elapsed: 10190 ms
[19:08:41] [Server thread/INFO]: Done (23.130s)! For help, type "help"
[19:08:41] [Server thread/INFO]: Unknown or incomplete command, see below for error
[19:08:41] [Server thread/INFO]: home/codespace/.python/current/bin/python /workspaces/campysklebg/msx.py<--[HERE]
[19:09:34] [Server thread/INFO]: Unknown or incomplete command, see below for error
[19:09:34] [Server thread/INFO]: <--[HERE]
[19:09:40] [Server thread/INFO]: [Not Secure] [Server] hi
[19:09:41] [Server thread/INFO]: Server empty for 60 seconds, pausing
[19:09:49] [Server thread/INFO]: [Not Secure] [Server] bou
